<?xml version="1.0" encoding="UTF-8" ?>
<testsuite tests="1" failures="0" name="TestSuite" time="39.31" errors="0" skipped="0">
  <properties>
    <property name="java.runtime.name" value="Java(TM) SE Runtime Environment"/>
    <property name="sun.boot.library.path" value="C:\Program Files\Java\jdk1.8.0_66\jre\bin"/>
    <property name="java.vm.version" value="25.66-b17"/>
    <property name="java.vm.vendor" value="Oracle Corporation"/>
    <property name="java.vendor.url" value="http://java.oracle.com/"/>
    <property name="path.separator" value=";"/>
    <property name="java.vm.name" value="Java HotSpot(TM) Client VM"/>
    <property name="file.encoding.pkg" value="sun.io"/>
    <property name="user.script" value=""/>
    <property name="user.country" value="US"/>
    <property name="sun.java.launcher" value="SUN_STANDARD"/>
    <property name="sun.os.patch.level" value=""/>
    <property name="java.vm.specification.name" value="Java Virtual Machine Specification"/>
    <property name="user.dir" value="D:\Project\PoC\Generic Framework Ecommerce\Ecommerce Framework"/>
    <property name="java.runtime.version" value="1.8.0_66-b17"/>
    <property name="java.awt.graphicsenv" value="sun.awt.Win32GraphicsEnvironment"/>
    <property name="basedir" value="D:\Project\PoC\Generic Framework Ecommerce\Ecommerce Framework"/>
    <property name="java.endorsed.dirs" value="C:\Program Files\Java\jdk1.8.0_66\jre\lib\endorsed"/>
    <property name="os.arch" value="x86"/>
    <property name="surefire.real.class.path" value="D:\Project\PoC\Generic Framework Ecommerce\Ecommerce Framework\target\surefire\surefirebooter440020014498595269.jar"/>
    <property name="java.io.tmpdir" value="C:\Windows\TEMP\"/>
    <property name="line.separator" value="
"/>
    <property name="java.vm.specification.vendor" value="Oracle Corporation"/>
    <property name="user.variant" value=""/>
    <property name="os.name" value="Windows 7"/>
    <property name="sun.jnu.encoding" value="Cp1252"/>
    <property name="java.library.path" value="C:\Program Files\Java\jdk1.8.0_66\jre\bin;C:\Windows\Sun\Java\bin;C:\Windows\system32;C:\Windows;D:\maven/bin;C:\Program Files\Java\jdk1.8.0_66/bin;C:\Program Files\Java\jdk1.8.0_66/bin;C:\ProgramData\Oracle\Java\javapath;C:\app\harish.subramani\product\11.2.0\dbhome_1\bin;C:\Program Files\NVIDIA Corporation\PhysX\Common;C:\Program Files\Common Files\Microsoft Shared\Microsoft Online Services;C:\Windows\system32;C:\Windows;C:\Windows\System32\Wbem;C:\Windows\System32\WindowsPowerShell\v1.0\;d:\Program Files\ZipGenius 6\;C:\Program Files\Java\jdk1.7.0\bin\;D:\Program Files\TortoiseSVN\bin;D:\maven\bin;D:\phantomjs-1.9.2-windows;C:\Program Files\nodejs;E:\Appium_Android_Needed_Files\apache-ant-1.9.3-bin\apache-ant-1.9.3;%C:\adt-bundle-windows-x86-20131030\sdk\tools;ANDROID_HOME%\platform-tools;ANDROID_HOME%\build-tools;C:\Ruby193_HT\ruby193\bin;C:\Program Files\Microsoft SQL Server\100\Tools\Binn\;C:\Program Files\Microsoft SQL Server\100\DTS\Binn\;D:\Project\Hadoop\cygwin64\bin;C:\Program Files\PDFtk\bin\;SSL_CERT_FILE=C:\RailsInstaller\cacert.pem;C:\Program Files\Java\jre7\bin;D:\Program Files\Sikuli X;D:\Program Files\nodejs\;C:\Program Files\Microsoft\Web Platform Installer\;C:\Program Files\Microsoft ASP.NET\ASP.NET Web Pages\v1.0\;C:\Program Files\Windows Kits\8.0\Windows Performance Toolkit\;C:\Program Files\Microsoft SQL Server\110\Tools\Binn\;C:\Program Files\TortoiseGit\bin;D:\Project\Realize\gradle-2.7\bin;C:\Program Files\Java\jre1.8.0_66\bin;%CATALINA_HOME%/bin;C:\Program Files\Java\jdk1.7.0;C:\Program Files\Java\jdk1.8.0_66;;;."/>
    <property name="surefire.test.class.path" value="D:\Project\PoC\Generic Framework Ecommerce\Ecommerce Framework\target\test-classes;D:\Project\PoC\Generic Framework Ecommerce\Ecommerce Framework\target\classes;C:\Windows\system32\config\systemprofile\.m2\repository\org\apache\httpcomponents\httpclient\4.3.3\httpclient-4.3.3.jar;C:\Windows\system32\config\systemprofile\.m2\repository\commons-logging\commons-logging\1.1.3\commons-logging-1.1.3.jar;C:\Windows\system32\config\systemprofile\.m2\repository\commons-codec\commons-codec\1.6\commons-codec-1.6.jar;C:\Windows\system32\config\systemprofile\.m2\repository\org\apache\httpcomponents\httpcore\4.4.4\httpcore-4.4.4.jar;C:\Windows\system32\config\systemprofile\.m2\repository\org\seleniumhq\selenium\selenium-java\2.51.0\selenium-java-2.51.0.jar;C:\Windows\system32\config\systemprofile\.m2\repository\org\seleniumhq\selenium\selenium-chrome-driver\2.51.0\selenium-chrome-driver-2.51.0.jar;C:\Windows\system32\config\systemprofile\.m2\repository\org\seleniumhq\selenium\selenium-remote-driver\2.51.0\selenium-remote-driver-2.51.0.jar;C:\Windows\system32\config\systemprofile\.m2\repository\cglib\cglib-nodep\2.1_3\cglib-nodep-2.1_3.jar;C:\Windows\system32\config\systemprofile\.m2\repository\com\google\code\gson\gson\2.3.1\gson-2.3.1.jar;C:\Windows\system32\config\systemprofile\.m2\repository\org\seleniumhq\selenium\selenium-api\2.51.0\selenium-api-2.51.0.jar;C:\Windows\system32\config\systemprofile\.m2\repository\org\seleniumhq\selenium\selenium-edge-driver\2.51.0\selenium-edge-driver-2.51.0.jar;C:\Windows\system32\config\systemprofile\.m2\repository\org\apache\commons\commons-exec\1.3\commons-exec-1.3.jar;C:\Windows\system32\config\systemprofile\.m2\repository\org\seleniumhq\selenium\selenium-htmlunit-driver\2.51.0\selenium-htmlunit-driver-2.51.0.jar;C:\Windows\system32\config\systemprofile\.m2\repository\org\seleniumhq\selenium\selenium-firefox-driver\2.51.0\selenium-firefox-driver-2.51.0.jar;C:\Windows\system32\config\systemprofile\.m2\repository\org\seleniumhq\selenium\selenium-ie-driver\2.51.0\selenium-ie-driver-2.51.0.jar;C:\Windows\system32\config\systemprofile\.m2\repository\net\java\dev\jna\jna\4.1.0\jna-4.1.0.jar;C:\Windows\system32\config\systemprofile\.m2\repository\net\java\dev\jna\jna-platform\4.1.0\jna-platform-4.1.0.jar;C:\Windows\system32\config\systemprofile\.m2\repository\org\seleniumhq\selenium\selenium-safari-driver\2.51.0\selenium-safari-driver-2.51.0.jar;C:\Windows\system32\config\systemprofile\.m2\repository\org\seleniumhq\selenium\selenium-support\2.51.0\selenium-support-2.51.0.jar;C:\Windows\system32\config\systemprofile\.m2\repository\org\webbitserver\webbit\0.4.14\webbit-0.4.14.jar;C:\Windows\system32\config\systemprofile\.m2\repository\io\netty\netty\3.5.2.Final\netty-3.5.2.Final.jar;C:\Windows\system32\config\systemprofile\.m2\repository\org\seleniumhq\selenium\selenium-leg-rc\2.51.0\selenium-leg-rc-2.51.0.jar;C:\Windows\system32\config\systemprofile\.m2\repository\org\apache\poi\poi\3.5-beta5\poi-3.5-beta5.jar;C:\Windows\system32\config\systemprofile\.m2\repository\org\json\json\20160212\json-20160212.jar;C:\Windows\system32\config\systemprofile\.m2\repository\org\slf4j\slf4j-api\1.7.16\slf4j-api-1.7.16.jar;C:\Windows\system32\config\systemprofile\.m2\repository\org\slf4j\slf4j-log4j12\1.7.16\slf4j-log4j12-1.7.16.jar;C:\Windows\system32\config\systemprofile\.m2\repository\log4j\log4j\1.2.15\log4j-1.2.15.jar;C:\Windows\system32\config\systemprofile\.m2\repository\javax\mail\mail\1.4\mail-1.4.jar;C:\Windows\system32\config\systemprofile\.m2\repository\org\testng\testng\6.8.8\testng-6.8.8.jar;C:\Windows\system32\config\systemprofile\.m2\repository\org\beanshell\bsh\2.0b4\bsh-2.0b4.jar;C:\Windows\system32\config\systemprofile\.m2\repository\com\beust\jcommander\1.27\jcommander-1.27.jar;C:\Windows\system32\config\systemprofile\.m2\repository\com\smartbear\soapui\soapui\5.1.1\soapui-5.1.1.jar;C:\Windows\system32\config\systemprofile\.m2\repository\junit\junit\4.11\junit-4.11.jar;C:\Windows\system32\config\systemprofile\.m2\repository\org\hamcrest\hamcrest-core\1.3\hamcrest-core-1.3.jar;C:\Windows\system32\config\systemprofile\.m2\repository\xmlbeans\xbean\fixed-2.4.0\xbean-fixed-2.4.0.jar;C:\Windows\system32\config\systemprofile\.m2\repository\xmlbeans\xbean_xpath\2.4.0\xbean_xpath-2.4.0.jar;C:\Windows\system32\config\systemprofile\.m2\repository\xmlbeans\xmlpublic\2.4.0\xmlpublic-2.4.0.jar;C:\Windows\system32\config\systemprofile\.m2\repository\javax\xml\bind\jsr173_api\1.0\jsr173_api-1.0.jar;C:\Windows\system32\config\systemprofile\.m2\repository\com\google\guava\guava\14.0\guava-14.0.jar;C:\Windows\system32\config\systemprofile\.m2\repository\commons-collections\commons-collections\3.2.1\commons-collections-3.2.1.jar;C:\Windows\system32\config\systemprofile\.m2\repository\commons-lang\commons-lang\2.4\commons-lang-2.4.jar;C:\Windows\system32\config\systemprofile\.m2\repository\com\smartbear\utils\analytics\analytics-core\5.1.0\analytics-core-5.1.0.jar;C:\Windows\system32\config\systemprofile\.m2\repository\com\smartbear\utils\analytics\out-app-analytics-provider\5.1.0\out-app-analytics-provider-5.1.0.jar;C:\Windows\system32\config\systemprofile\.m2\repository\com\jgoodies\forms\1.0.7\forms-1.0.7.jar;C:\Windows\system32\config\systemprofile\.m2\repository\com\jgoodies\looks\2.2.0\looks-2.2.0.jar;C:\Windows\system32\config\systemprofile\.m2\repository\com\jgoodies\binding\2.0.1\binding-2.0.1.jar;C:\Windows\system32\config\systemprofile\.m2\repository\com\fifesoft\rsyntaxtextarea\2.5.0\rsyntaxtextarea-2.5.0.jar;C:\Windows\system32\config\systemprofile\.m2\repository\jetty\jetty\6.1.26\jetty-6.1.26.jar;C:\Windows\system32\config\systemprofile\.m2\repository\jetty\jetty-util\6.1.26\jetty-util-6.1.26.jar;C:\Windows\system32\config\systemprofile\.m2\repository\jetty\servlet-api\2.5-20081211\servlet-api-2.5-20081211.jar;C:\Windows\system32\config\systemprofile\.m2\repository\org\apache\ws\security\wss4j\1.6.14\wss4j-1.6.14.jar;C:\Windows\system32\config\systemprofile\.m2\repository\org\opensaml\opensaml\2.5.1-1\opensaml-2.5.1-1.jar;C:\Windows\system32\config\systemprofile\.m2\repository\org\opensaml\openws\1.4.2-1\openws-1.4.2-1.jar;C:\Windows\system32\config\systemprofile\.m2\repository\org\opensaml\xmltooling\1.3.2-1\xmltooling-1.3.2-1.jar;C:\Windows\system32\config\systemprofile\.m2\repository\joda-time\joda-time\1.6.2\joda-time-1.6.2.jar;C:\Windows\system32\config\systemprofile\.m2\repository\net\sourceforge\htmlunit\htmlunit\2.7\htmlunit-2.7.jar;C:\Windows\system32\config\systemprofile\.m2\repository\xerces\xercesImpl\2.9.1\xercesImpl-2.9.1.jar;C:\Windows\system32\config\systemprofile\.m2\repository\org\w3c\css\sac\1.3\sac-1.3.jar;C:\Windows\system32\config\systemprofile\.m2\repository\net\sourceforge\htmlunit\htmlunit-core-js\2.7\htmlunit-core-js-2.7.jar;C:\Windows\system32\config\systemprofile\.m2\repository\org\apache\httpcomponents\httpmime\4.1.1\httpmime-4.1.1.jar;C:\Windows\system32\config\systemprofile\.m2\repository\org\apache\httpcomponents\httpclient-cache\4.1.1\httpclient-cache-4.1.1.jar;C:\Windows\system32\config\systemprofile\.m2\repository\org\apache\httpcomponents\httpcore-nio\4.1.1\httpcore-nio-4.1.1.jar;C:\Windows\system32\config\systemprofile\.m2\repository\org\apache\oltu\oauth2\org.apache.oltu.oauth2.client\0.31\org.apache.oltu.oauth2.client-0.31.jar;C:\Windows\system32\config\systemprofile\.m2\repository\org\apache\oltu\oauth2\org.apache.oltu.oauth2.common\0.31\org.apache.oltu.oauth2.common-0.31.jar;C:\Windows\system32\config\systemprofile\.m2\repository\org\codehaus\jettison\jettison\1.2\jettison-1.2.jar;C:\Windows\system32\config\systemprofile\.m2\repository\org\apache\oltu\oauth2\org.apache.oltu.oauth2.httpclient4\0.31\org.apache.oltu.oauth2.httpclient4-0.31.jar;C:\Windows\system32\config\systemprofile\.m2\repository\org\apache\maven\maven-plugin-api\2.0\maven-plugin-api-2.0.jar;C:\Windows\system32\config\systemprofile\.m2\repository\javax\activation\activation\1.1\activation-1.1.jar;C:\Windows\system32\config\systemprofile\.m2\repository\wsdl4j\wsdl4j\1.6.2-fixed\wsdl4j-1.6.2-fixed.jar;C:\Windows\system32\config\systemprofile\.m2\repository\commons-ssl\not-yet-commons-ssl\0.3.11\not-yet-commons-ssl-0.3.11.jar;C:\Windows\system32\config\systemprofile\.m2\repository\commons-cli\commons-cli\1.0\commons-cli-1.0.jar;C:\Windows\system32\config\systemprofile\.m2\repository\commons-beanutils\commons-beanutils\1.7.0\commons-beanutils-1.7.0.jar;C:\Windows\system32\config\systemprofile\.m2\repository\json\json-lib\2.2.2-jdk15\json-lib-2.2.2-jdk15.jar;C:\Windows\system32\config\systemprofile\.m2\repository\ezmorph\ezmorph\1.0.5\ezmorph-1.0.5.jar;C:\Windows\system32\config\systemprofile\.m2\repository\xom\xom\1.1\xom-1.1.jar;C:\Windows\system32\config\systemprofile\.m2\repository\xerces\xmlParserAPIs\2.6.2\xmlParserAPIs-2.6.2.jar;C:\Windows\system32\config\systemprofile\.m2\repository\jaxen\jaxen\1.1-beta-8\jaxen-1.1-beta-8.jar;C:\Windows\system32\config\systemprofile\.m2\repository\dom4j\dom4j\1.6.1\dom4j-1.6.1.jar;C:\Windows\system32\config\systemprofile\.m2\repository\jdom\jdom\1.0\jdom-1.0.jar;C:\Windows\system32\config\systemprofile\.m2\repository\swingx\swingx\soapui\swingx-soapui.jar;C:\Windows\system32\config\systemprofile\.m2\repository\org\codehaus\groovy\groovy-all\2.1.7\groovy-all-2.1.7.jar;C:\Windows\system32\config\systemprofile\.m2\repository\rhino\js\1.7R2\js-1.7R2.jar;C:\Windows\system32\config\systemprofile\.m2\repository\saxon\saxon\9.1.0.8j\saxon-9.1.0.8j.jar;C:\Windows\system32\config\systemprofile\.m2\repository\saxon\saxon-dom\9.1.0.8j\saxon-dom-9.1.0.8j.jar;C:\Windows\system32\config\systemprofile\.m2\repository\xmlunit\xmlunit\1.2\xmlunit-1.2.jar;C:\Windows\system32\config\systemprofile\.m2\repository\xalan\xalan\2.7.1\xalan-2.7.1.jar;C:\Windows\system32\config\systemprofile\.m2\repository\bouncycastle\bcprov-jdk15\144\bcprov-jdk15-144.jar;C:\Windows\system32\config\systemprofile\.m2\repository\jtidy\jtidy\r872-jdk15\jtidy-r872-jdk15.jar;C:\Windows\system32\config\systemprofile\.m2\repository\javax\jms\jms\1.1\jms-1.1.jar;C:\Windows\system32\config\systemprofile\.m2\repository\hermesjms\hermes\1.14\hermes-1.14.jar;C:\Windows\system32\config\systemprofile\.m2\repository\amf\flex-messaging-common\1.0\flex-messaging-common-1.0.jar;C:\Windows\system32\config\systemprofile\.m2\repository\amf\flex-messaging-core\1.0\flex-messaging-core-1.0.jar;C:\Windows\system32\config\systemprofile\.m2\repository\amf\flex-messaging-opt\1.0\flex-messaging-opt-1.0.jar;C:\Windows\system32\config\systemprofile\.m2\repository\amf\flex-messaging-proxy\1.0\flex-messaging-proxy-1.0.jar;C:\Windows\system32\config\systemprofile\.m2\repository\amf\flex-messaging-remoting\1.0\flex-messaging-remoting-1.0.jar;C:\Windows\system32\config\systemprofile\.m2\repository\thoughtworks\xstream\1.3.1\xstream-1.3.1.jar;C:\Windows\system32\config\systemprofile\.m2\repository\net\sourceforge\cssparser\cssparser\0.9.5\cssparser-0.9.5.jar;C:\Windows\system32\config\systemprofile\.m2\repository\net\sourceforge\nekohtml\nekohtml\1.9.14\nekohtml-1.9.14.jar;C:\Windows\system32\config\systemprofile\.m2\repository\org\samba\jcifs\jcifs\1.2.9\jcifs-1.2.9.jar;C:\Windows\system32\config\systemprofile\.m2\repository\l2fprod\l2fprod-common-directorychooser\7.3\l2fprod-common-directorychooser-7.3.jar;C:\Windows\system32\config\systemprofile\.m2\repository\l2fprod\l2fprod-common-fontchooser\7.3\l2fprod-common-fontchooser-7.3.jar;C:\Windows\system32\config\systemprofile\.m2\repository\org\apache\santuario\xmlsec\1.4.5\xmlsec-1.4.5.jar;C:\Windows\system32\config\systemprofile\.m2\repository\org\apache\xerces\xml-apis\2.9.1\xml-apis-2.9.1.jar;C:\Windows\system32\config\systemprofile\.m2\repository\xalan\serializer\2.7.1\serializer-2.7.1.jar;C:\Windows\system32\config\systemprofile\.m2\repository\gnu\cajo\cajo\1.142\cajo-1.142.jar;C:\Windows\system32\config\systemprofile\.m2\repository\org\apache\ws\commons\util\ws-commons-util\1.0.2\ws-commons-util-1.0.2.jar;C:\Windows\system32\config\systemprofile\.m2\repository\com\btr\proxy-vole\20131209\proxy-vole-20131209.jar;C:\Windows\system32\config\systemprofile\.m2\repository\com\jayway\jsonpath\json-path\0.9.1\json-path-0.9.1.jar;C:\Windows\system32\config\systemprofile\.m2\repository\net\minidev\json-smart\1.2\json-smart-1.2.jar;C:\Windows\system32\config\systemprofile\.m2\repository\commons-httpclient\commons-httpclient\3.1\commons-httpclient-3.1.jar;C:\Windows\system32\config\systemprofile\.m2\repository\commons-io\commons-io\2.4\commons-io-2.4.jar;C:\Windows\system32\config\systemprofile\.m2\repository\org\apache\xmlrpc\xmlrpc-client\3.1.3\xmlrpc-client-3.1.3.jar;C:\Windows\system32\config\systemprofile\.m2\repository\org\apache\xmlrpc\xmlrpc-common\3.1.3\xmlrpc-common-3.1.3.jar;C:\Windows\system32\config\systemprofile\.m2\repository\xml-apis\xml-apis\1.4.01\xml-apis-1.4.01.jar;C:\Windows\system32\config\systemprofile\.m2\repository\org\apache\maven\plugins\maven-clean-plugin\2.4.1\maven-clean-plugin-2.4.1.jar;C:\Windows\system32\config\systemprofile\.m2\repository\org\codehaus\plexus\plexus-utils\2.0.5\plexus-utils-2.0.5.jar;C:\Windows\system32\config\systemprofile\.m2\repository\org\apache\maven\surefire\surefire-testng-utils\2.8.1\surefire-testng-utils-2.8.1.jar;"/>
    <property name="java.specification.name" value="Java Platform API Specification"/>
    <property name="java.class.version" value="52.0"/>
    <property name="sun.management.compiler" value="HotSpot Client Compiler"/>
    <property name="os.version" value="6.1"/>
    <property name="user.home" value="C:\Windows\system32\config\systemprofile"/>
    <property name="user.timezone" value="Asia/Calcutta"/>
    <property name="java.awt.printerjob" value="sun.awt.windows.WPrinterJob"/>
    <property name="java.specification.version" value="1.8"/>
    <property name="file.encoding" value="Cp1252"/>
    <property name="user.name" value="ASPIRE791$"/>
    <property name="java.class.path" value="D:\Project\PoC\Generic Framework Ecommerce\Ecommerce Framework\target\test-classes;D:\Project\PoC\Generic Framework Ecommerce\Ecommerce Framework\target\classes;C:\Windows\system32\config\systemprofile\.m2\repository\org\apache\httpcomponents\httpclient\4.3.3\httpclient-4.3.3.jar;C:\Windows\system32\config\systemprofile\.m2\repository\commons-logging\commons-logging\1.1.3\commons-logging-1.1.3.jar;C:\Windows\system32\config\systemprofile\.m2\repository\commons-codec\commons-codec\1.6\commons-codec-1.6.jar;C:\Windows\system32\config\systemprofile\.m2\repository\org\apache\httpcomponents\httpcore\4.4.4\httpcore-4.4.4.jar;C:\Windows\system32\config\systemprofile\.m2\repository\org\seleniumhq\selenium\selenium-java\2.51.0\selenium-java-2.51.0.jar;C:\Windows\system32\config\systemprofile\.m2\repository\org\seleniumhq\selenium\selenium-chrome-driver\2.51.0\selenium-chrome-driver-2.51.0.jar;C:\Windows\system32\config\systemprofile\.m2\repository\org\seleniumhq\selenium\selenium-remote-driver\2.51.0\selenium-remote-driver-2.51.0.jar;C:\Windows\system32\config\systemprofile\.m2\repository\cglib\cglib-nodep\2.1_3\cglib-nodep-2.1_3.jar;C:\Windows\system32\config\systemprofile\.m2\repository\com\google\code\gson\gson\2.3.1\gson-2.3.1.jar;C:\Windows\system32\config\systemprofile\.m2\repository\org\seleniumhq\selenium\selenium-api\2.51.0\selenium-api-2.51.0.jar;C:\Windows\system32\config\systemprofile\.m2\repository\org\seleniumhq\selenium\selenium-edge-driver\2.51.0\selenium-edge-driver-2.51.0.jar;C:\Windows\system32\config\systemprofile\.m2\repository\org\apache\commons\commons-exec\1.3\commons-exec-1.3.jar;C:\Windows\system32\config\systemprofile\.m2\repository\org\seleniumhq\selenium\selenium-htmlunit-driver\2.51.0\selenium-htmlunit-driver-2.51.0.jar;C:\Windows\system32\config\systemprofile\.m2\repository\org\seleniumhq\selenium\selenium-firefox-driver\2.51.0\selenium-firefox-driver-2.51.0.jar;C:\Windows\system32\config\systemprofile\.m2\repository\org\seleniumhq\selenium\selenium-ie-driver\2.51.0\selenium-ie-driver-2.51.0.jar;C:\Windows\system32\config\systemprofile\.m2\repository\net\java\dev\jna\jna\4.1.0\jna-4.1.0.jar;C:\Windows\system32\config\systemprofile\.m2\repository\net\java\dev\jna\jna-platform\4.1.0\jna-platform-4.1.0.jar;C:\Windows\system32\config\systemprofile\.m2\repository\org\seleniumhq\selenium\selenium-safari-driver\2.51.0\selenium-safari-driver-2.51.0.jar;C:\Windows\system32\config\systemprofile\.m2\repository\org\seleniumhq\selenium\selenium-support\2.51.0\selenium-support-2.51.0.jar;C:\Windows\system32\config\systemprofile\.m2\repository\org\webbitserver\webbit\0.4.14\webbit-0.4.14.jar;C:\Windows\system32\config\systemprofile\.m2\repository\io\netty\netty\3.5.2.Final\netty-3.5.2.Final.jar;C:\Windows\system32\config\systemprofile\.m2\repository\org\seleniumhq\selenium\selenium-leg-rc\2.51.0\selenium-leg-rc-2.51.0.jar;C:\Windows\system32\config\systemprofile\.m2\repository\org\apache\poi\poi\3.5-beta5\poi-3.5-beta5.jar;C:\Windows\system32\config\systemprofile\.m2\repository\org\json\json\20160212\json-20160212.jar;C:\Windows\system32\config\systemprofile\.m2\repository\org\slf4j\slf4j-api\1.7.16\slf4j-api-1.7.16.jar;C:\Windows\system32\config\systemprofile\.m2\repository\org\slf4j\slf4j-log4j12\1.7.16\slf4j-log4j12-1.7.16.jar;C:\Windows\system32\config\systemprofile\.m2\repository\log4j\log4j\1.2.15\log4j-1.2.15.jar;C:\Windows\system32\config\systemprofile\.m2\repository\javax\mail\mail\1.4\mail-1.4.jar;C:\Windows\system32\config\systemprofile\.m2\repository\org\testng\testng\6.8.8\testng-6.8.8.jar;C:\Windows\system32\config\systemprofile\.m2\repository\org\beanshell\bsh\2.0b4\bsh-2.0b4.jar;C:\Windows\system32\config\systemprofile\.m2\repository\com\beust\jcommander\1.27\jcommander-1.27.jar;C:\Windows\system32\config\systemprofile\.m2\repository\com\smartbear\soapui\soapui\5.1.1\soapui-5.1.1.jar;C:\Windows\system32\config\systemprofile\.m2\repository\junit\junit\4.11\junit-4.11.jar;C:\Windows\system32\config\systemprofile\.m2\repository\org\hamcrest\hamcrest-core\1.3\hamcrest-core-1.3.jar;C:\Windows\system32\config\systemprofile\.m2\repository\xmlbeans\xbean\fixed-2.4.0\xbean-fixed-2.4.0.jar;C:\Windows\system32\config\systemprofile\.m2\repository\xmlbeans\xbean_xpath\2.4.0\xbean_xpath-2.4.0.jar;C:\Windows\system32\config\systemprofile\.m2\repository\xmlbeans\xmlpublic\2.4.0\xmlpublic-2.4.0.jar;C:\Windows\system32\config\systemprofile\.m2\repository\javax\xml\bind\jsr173_api\1.0\jsr173_api-1.0.jar;C:\Windows\system32\config\systemprofile\.m2\repository\com\google\guava\guava\14.0\guava-14.0.jar;C:\Windows\system32\config\systemprofile\.m2\repository\commons-collections\commons-collections\3.2.1\commons-collections-3.2.1.jar;C:\Windows\system32\config\systemprofile\.m2\repository\commons-lang\commons-lang\2.4\commons-lang-2.4.jar;C:\Windows\system32\config\systemprofile\.m2\repository\com\smartbear\utils\analytics\analytics-core\5.1.0\analytics-core-5.1.0.jar;C:\Windows\system32\config\systemprofile\.m2\repository\com\smartbear\utils\analytics\out-app-analytics-provider\5.1.0\out-app-analytics-provider-5.1.0.jar;C:\Windows\system32\config\systemprofile\.m2\repository\com\jgoodies\forms\1.0.7\forms-1.0.7.jar;C:\Windows\system32\config\systemprofile\.m2\repository\com\jgoodies\looks\2.2.0\looks-2.2.0.jar;C:\Windows\system32\config\systemprofile\.m2\repository\com\jgoodies\binding\2.0.1\binding-2.0.1.jar;C:\Windows\system32\config\systemprofile\.m2\repository\com\fifesoft\rsyntaxtextarea\2.5.0\rsyntaxtextarea-2.5.0.jar;C:\Windows\system32\config\systemprofile\.m2\repository\jetty\jetty\6.1.26\jetty-6.1.26.jar;C:\Windows\system32\config\systemprofile\.m2\repository\jetty\jetty-util\6.1.26\jetty-util-6.1.26.jar;C:\Windows\system32\config\systemprofile\.m2\repository\jetty\servlet-api\2.5-20081211\servlet-api-2.5-20081211.jar;C:\Windows\system32\config\systemprofile\.m2\repository\org\apache\ws\security\wss4j\1.6.14\wss4j-1.6.14.jar;C:\Windows\system32\config\systemprofile\.m2\repository\org\opensaml\opensaml\2.5.1-1\opensaml-2.5.1-1.jar;C:\Windows\system32\config\systemprofile\.m2\repository\org\opensaml\openws\1.4.2-1\openws-1.4.2-1.jar;C:\Windows\system32\config\systemprofile\.m2\repository\org\opensaml\xmltooling\1.3.2-1\xmltooling-1.3.2-1.jar;C:\Windows\system32\config\systemprofile\.m2\repository\joda-time\joda-time\1.6.2\joda-time-1.6.2.jar;C:\Windows\system32\config\systemprofile\.m2\repository\net\sourceforge\htmlunit\htmlunit\2.7\htmlunit-2.7.jar;C:\Windows\system32\config\systemprofile\.m2\repository\xerces\xercesImpl\2.9.1\xercesImpl-2.9.1.jar;C:\Windows\system32\config\systemprofile\.m2\repository\org\w3c\css\sac\1.3\sac-1.3.jar;C:\Windows\system32\config\systemprofile\.m2\repository\net\sourceforge\htmlunit\htmlunit-core-js\2.7\htmlunit-core-js-2.7.jar;C:\Windows\system32\config\systemprofile\.m2\repository\org\apache\httpcomponents\httpmime\4.1.1\httpmime-4.1.1.jar;C:\Windows\system32\config\systemprofile\.m2\repository\org\apache\httpcomponents\httpclient-cache\4.1.1\httpclient-cache-4.1.1.jar;C:\Windows\system32\config\systemprofile\.m2\repository\org\apache\httpcomponents\httpcore-nio\4.1.1\httpcore-nio-4.1.1.jar;C:\Windows\system32\config\systemprofile\.m2\repository\org\apache\oltu\oauth2\org.apache.oltu.oauth2.client\0.31\org.apache.oltu.oauth2.client-0.31.jar;C:\Windows\system32\config\systemprofile\.m2\repository\org\apache\oltu\oauth2\org.apache.oltu.oauth2.common\0.31\org.apache.oltu.oauth2.common-0.31.jar;C:\Windows\system32\config\systemprofile\.m2\repository\org\codehaus\jettison\jettison\1.2\jettison-1.2.jar;C:\Windows\system32\config\systemprofile\.m2\repository\org\apache\oltu\oauth2\org.apache.oltu.oauth2.httpclient4\0.31\org.apache.oltu.oauth2.httpclient4-0.31.jar;C:\Windows\system32\config\systemprofile\.m2\repository\org\apache\maven\maven-plugin-api\2.0\maven-plugin-api-2.0.jar;C:\Windows\system32\config\systemprofile\.m2\repository\javax\activation\activation\1.1\activation-1.1.jar;C:\Windows\system32\config\systemprofile\.m2\repository\wsdl4j\wsdl4j\1.6.2-fixed\wsdl4j-1.6.2-fixed.jar;C:\Windows\system32\config\systemprofile\.m2\repository\commons-ssl\not-yet-commons-ssl\0.3.11\not-yet-commons-ssl-0.3.11.jar;C:\Windows\system32\config\systemprofile\.m2\repository\commons-cli\commons-cli\1.0\commons-cli-1.0.jar;C:\Windows\system32\config\systemprofile\.m2\repository\commons-beanutils\commons-beanutils\1.7.0\commons-beanutils-1.7.0.jar;C:\Windows\system32\config\systemprofile\.m2\repository\json\json-lib\2.2.2-jdk15\json-lib-2.2.2-jdk15.jar;C:\Windows\system32\config\systemprofile\.m2\repository\ezmorph\ezmorph\1.0.5\ezmorph-1.0.5.jar;C:\Windows\system32\config\systemprofile\.m2\repository\xom\xom\1.1\xom-1.1.jar;C:\Windows\system32\config\systemprofile\.m2\repository\xerces\xmlParserAPIs\2.6.2\xmlParserAPIs-2.6.2.jar;C:\Windows\system32\config\systemprofile\.m2\repository\jaxen\jaxen\1.1-beta-8\jaxen-1.1-beta-8.jar;C:\Windows\system32\config\systemprofile\.m2\repository\dom4j\dom4j\1.6.1\dom4j-1.6.1.jar;C:\Windows\system32\config\systemprofile\.m2\repository\jdom\jdom\1.0\jdom-1.0.jar;C:\Windows\system32\config\systemprofile\.m2\repository\swingx\swingx\soapui\swingx-soapui.jar;C:\Windows\system32\config\systemprofile\.m2\repository\org\codehaus\groovy\groovy-all\2.1.7\groovy-all-2.1.7.jar;C:\Windows\system32\config\systemprofile\.m2\repository\rhino\js\1.7R2\js-1.7R2.jar;C:\Windows\system32\config\systemprofile\.m2\repository\saxon\saxon\9.1.0.8j\saxon-9.1.0.8j.jar;C:\Windows\system32\config\systemprofile\.m2\repository\saxon\saxon-dom\9.1.0.8j\saxon-dom-9.1.0.8j.jar;C:\Windows\system32\config\systemprofile\.m2\repository\xmlunit\xmlunit\1.2\xmlunit-1.2.jar;C:\Windows\system32\config\systemprofile\.m2\repository\xalan\xalan\2.7.1\xalan-2.7.1.jar;C:\Windows\system32\config\systemprofile\.m2\repository\bouncycastle\bcprov-jdk15\144\bcprov-jdk15-144.jar;C:\Windows\system32\config\systemprofile\.m2\repository\jtidy\jtidy\r872-jdk15\jtidy-r872-jdk15.jar;C:\Windows\system32\config\systemprofile\.m2\repository\javax\jms\jms\1.1\jms-1.1.jar;C:\Windows\system32\config\systemprofile\.m2\repository\hermesjms\hermes\1.14\hermes-1.14.jar;C:\Windows\system32\config\systemprofile\.m2\repository\amf\flex-messaging-common\1.0\flex-messaging-common-1.0.jar;C:\Windows\system32\config\systemprofile\.m2\repository\amf\flex-messaging-core\1.0\flex-messaging-core-1.0.jar;C:\Windows\system32\config\systemprofile\.m2\repository\amf\flex-messaging-opt\1.0\flex-messaging-opt-1.0.jar;C:\Windows\system32\config\systemprofile\.m2\repository\amf\flex-messaging-proxy\1.0\flex-messaging-proxy-1.0.jar;C:\Windows\system32\config\systemprofile\.m2\repository\amf\flex-messaging-remoting\1.0\flex-messaging-remoting-1.0.jar;C:\Windows\system32\config\systemprofile\.m2\repository\thoughtworks\xstream\1.3.1\xstream-1.3.1.jar;C:\Windows\system32\config\systemprofile\.m2\repository\net\sourceforge\cssparser\cssparser\0.9.5\cssparser-0.9.5.jar;C:\Windows\system32\config\systemprofile\.m2\repository\net\sourceforge\nekohtml\nekohtml\1.9.14\nekohtml-1.9.14.jar;C:\Windows\system32\config\systemprofile\.m2\repository\org\samba\jcifs\jcifs\1.2.9\jcifs-1.2.9.jar;C:\Windows\system32\config\systemprofile\.m2\repository\l2fprod\l2fprod-common-directorychooser\7.3\l2fprod-common-directorychooser-7.3.jar;C:\Windows\system32\config\systemprofile\.m2\repository\l2fprod\l2fprod-common-fontchooser\7.3\l2fprod-common-fontchooser-7.3.jar;C:\Windows\system32\config\systemprofile\.m2\repository\org\apache\santuario\xmlsec\1.4.5\xmlsec-1.4.5.jar;C:\Windows\system32\config\systemprofile\.m2\repository\org\apache\xerces\xml-apis\2.9.1\xml-apis-2.9.1.jar;C:\Windows\system32\config\systemprofile\.m2\repository\xalan\serializer\2.7.1\serializer-2.7.1.jar;C:\Windows\system32\config\systemprofile\.m2\repository\gnu\cajo\cajo\1.142\cajo-1.142.jar;C:\Windows\system32\config\systemprofile\.m2\repository\org\apache\ws\commons\util\ws-commons-util\1.0.2\ws-commons-util-1.0.2.jar;C:\Windows\system32\config\systemprofile\.m2\repository\com\btr\proxy-vole\20131209\proxy-vole-20131209.jar;C:\Windows\system32\config\systemprofile\.m2\repository\com\jayway\jsonpath\json-path\0.9.1\json-path-0.9.1.jar;C:\Windows\system32\config\systemprofile\.m2\repository\net\minidev\json-smart\1.2\json-smart-1.2.jar;C:\Windows\system32\config\systemprofile\.m2\repository\commons-httpclient\commons-httpclient\3.1\commons-httpclient-3.1.jar;C:\Windows\system32\config\systemprofile\.m2\repository\commons-io\commons-io\2.4\commons-io-2.4.jar;C:\Windows\system32\config\systemprofile\.m2\repository\org\apache\xmlrpc\xmlrpc-client\3.1.3\xmlrpc-client-3.1.3.jar;C:\Windows\system32\config\systemprofile\.m2\repository\org\apache\xmlrpc\xmlrpc-common\3.1.3\xmlrpc-common-3.1.3.jar;C:\Windows\system32\config\systemprofile\.m2\repository\xml-apis\xml-apis\1.4.01\xml-apis-1.4.01.jar;C:\Windows\system32\config\systemprofile\.m2\repository\org\apache\maven\plugins\maven-clean-plugin\2.4.1\maven-clean-plugin-2.4.1.jar;C:\Windows\system32\config\systemprofile\.m2\repository\org\codehaus\plexus\plexus-utils\2.0.5\plexus-utils-2.0.5.jar;C:\Windows\system32\config\systemprofile\.m2\repository\org\apache\maven\surefire\surefire-testng-utils\2.8.1\surefire-testng-utils-2.8.1.jar;"/>
    <property name="java.vm.specification.version" value="1.8"/>
    <property name="sun.arch.data.model" value="32"/>
    <property name="java.home" value="C:\Program Files\Java\jdk1.8.0_66\jre"/>
    <property name="sun.java.command" value="D:\Project\PoC\Generic Framework Ecommerce\Ecommerce Framework\target\surefire\surefirebooter440020014498595269.jar D:\Project\PoC\Generic Framework Ecommerce\Ecommerce Framework\target\surefire\surefire2661250661185286853tmp D:\Project\PoC\Generic Framework Ecommerce\Ecommerce Framework\target\surefire\surefire2171181558094462061tmp"/>
    <property name="java.specification.vendor" value="Oracle Corporation"/>
    <property name="user.language" value="en"/>
    <property name="awt.toolkit" value="sun.awt.windows.WToolkit"/>
    <property name="java.vm.info" value="mixed mode, sharing"/>
    <property name="java.version" value="1.8.0_66"/>
    <property name="java.ext.dirs" value="C:\Program Files\Java\jdk1.8.0_66\jre\lib\ext;C:\Windows\Sun\Java\lib\ext"/>
    <property name="sun.boot.class.path" value="C:\Program Files\Java\jdk1.8.0_66\jre\lib\resources.jar;C:\Program Files\Java\jdk1.8.0_66\jre\lib\rt.jar;C:\Program Files\Java\jdk1.8.0_66\jre\lib\sunrsasign.jar;C:\Program Files\Java\jdk1.8.0_66\jre\lib\jsse.jar;C:\Program Files\Java\jdk1.8.0_66\jre\lib\jce.jar;C:\Program Files\Java\jdk1.8.0_66\jre\lib\charsets.jar;C:\Program Files\Java\jdk1.8.0_66\jre\lib\jfr.jar;C:\Program Files\Java\jdk1.8.0_66\jre\classes"/>
    <property name="java.vendor" value="Oracle Corporation"/>
    <property name="localRepository" value="C:\Windows\system32\config\systemprofile\.m2\repository"/>
    <property name="file.separator" value="\"/>
    <property name="java.vendor.url.bug" value="http://bugreport.sun.com/bugreport/"/>
    <property name="sun.cpu.endian" value="little"/>
    <property name="sun.io.unicode.encoding" value="UnicodeLittle"/>
    <property name="sun.desktop" value="windows"/>
    <property name="sun.cpu.isalist" value="pentium_pro+mmx pentium_pro pentium+mmx pentium i486 i386 i86"/>
  </properties>
  <testcase classname="com.ecom.testscripts.demo.Ecom_Demo" name="tcEcomDemo01" time="37.401"/>
</testsuite>