<?xml version="1.0" encoding="UTF-8"?>
<!-- Generated by org.testng.reporters.JUnitReportReporter -->
<testsuite hostname="ASPIRE791" name="com.selectsite.testscripts.demo.demo_test" tests="1" failures="1" timestamp="19 Feb 2016 10:00:15 GMT" time="0.057" errors="0">
  <testcase name="tcSSPoCTest001" time="0.057" classname="com.selectsite.testscripts.demo.demo_test">
    <failure type="java.io.FileNotFoundException" message="D:\Project\PoC\SS\sample_framework\sample_framework\src\main\resources\testdata\data (Access is denied)">
      <![CDATA[java.io.FileNotFoundException: D:\Project\PoC\SS\sample_framework\sample_framework\src\main\resources\testdata\data (Access is denied)
	at java.io.FileInputStream.open0(Native Method)
	at java.io.FileInputStream.open(Unknown Source)
	at java.io.FileInputStream.<init>(Unknown Source)
	at java.io.FileInputStream.<init>(Unknown Source)
	at com.selectsite.support.DataUtils.getTestData(DataUtils.java:212)
	at com.selectsite.testscripts.demo.demo_test.tcSSPoCTest001(demo_test.java:33)
	at sun.reflect.NativeMethodAccessorImpl.invoke0(Native Method)
	at sun.reflect.NativeMethodAccessorImpl.invoke(Unknown Source)
	at sun.reflect.DelegatingMethodAccessorImpl.invoke(Unknown Source)
	at java.lang.reflect.Method.invoke(Unknown Source)
	at org.testng.internal.MethodInvocationHelper.invokeMethod(MethodInvocationHelper.java:84)
	at org.testng.internal.Invoker.invokeMethod(Invoker.java:714)
	at org.testng.internal.Invoker.invokeTestMethod(Invoker.java:901)
	at org.testng.internal.TestMethodWithDataProviderMethodWorker.call(TestMethodWithDataProviderMethodWorker.java:73)
	at org.testng.internal.TestMethodWithDataProviderMethodWorker.call(TestMethodWithDataProviderMethodWorker.java:14)
	at java.util.concurrent.FutureTask.run(Unknown Source)
	at java.util.concurrent.Executors$RunnableAdapter.call(Unknown Source)
	at java.util.concurrent.FutureTask.run(Unknown Source)
	at java.util.concurrent.ThreadPoolExecutor.runWorker(Unknown Source)
	at java.util.concurrent.ThreadPoolExecutor$Worker.run(Unknown Source)
	at java.lang.Thread.run(Unknown Source)
]]>
    </failure>
  </testcase> <!-- tcSSPoCTest001 -->
</testsuite> <!-- com.selectsite.testscripts.demo.demo_test -->
