<?xml version="1.0" encoding="UTF-8"?>
<!-- Generated by org.testng.reporters.JUnitReportReporter -->
<testsuite hostname="ASPIRE791" name="com.ssp.testscripts.demo.SSP_PoC" tests="1" failures="0" timestamp="29 Mar 2016 12:52:18 GMT" time="201.536" errors="0">
  <testcase name="tcSSPPoCTest003" time="201.536" classname="com.ssp.testscripts.demo.SSP_PoC"/>
</testsuite> <!-- com.ssp.testscripts.demo.SSP_PoC -->
