<?xml version="1.0" encoding="UTF-8"?>
<!-- Generated by org.testng.reporters.JUnitReportReporter -->
<testsuite hostname="ASPIRE791" name="com.selectsite.testscripts.demo.SelectSitePoC" tests="1" failures="0" timestamp="23 Feb 2016 09:47:07 GMT" time="674.578" errors="0">
  <testcase name="tcSSPoCTest001" time="674.578" classname="com.selectsite.testscripts.demo.SelectSitePoC"/>
</testsuite> <!-- com.selectsite.testscripts.demo.SelectSitePoC -->
