<?xml version="1.0" encoding="UTF-8"?>
<!-- Generated by org.testng.reporters.JUnitReportReporter -->
<testsuite hostname="aspire512" name="com.puma.testscripts.FluidSample" tests="1" failures="0" timestamp="11 May 2016 13:56:44 GMT" time="193.364" errors="0">
  <testcase name="sam" time="193.364" classname="com.puma.testscripts.FluidSample"/>
</testsuite> <!-- com.puma.testscripts.FluidSample -->
