<?xml version="1.0" encoding="UTF-8"?>
<!-- Generated by org.testng.reporters.JUnitReportReporter -->
<testsuite hostname="aspire512" name="com.SECFramework.testscripts.PDP_details" tests="1" failures="0" timestamp="2 Jun 2016 10:11:05 GMT" time="85.952" errors="0">
  <testcase name="tcwriteReview" time="85.952" classname="com.SECFramework.testscripts.PDP_details"/>
</testsuite> <!-- com.SECFramework.testscripts.PDP_details -->
