<?xml version="1.0" encoding="UTF-8"?>
<!-- Generated by org.testng.reporters.JUnitReportReporter -->
<testsuite hostname="ASPIRE791" name="com.ssp.testscripts.demo.SSP_Pilot_PoC" tests="1" failures="0" timestamp="1 Mar 2016 13:11:52 GMT" time="419.055" errors="0">
  <testcase name="tcSSPPoCTest001" time="419.055" classname="com.ssp.testscripts.demo.SSP_Pilot_PoC"/>
</testsuite> <!-- com.ssp.testscripts.demo.SSP_Pilot_PoC -->
