<?xml version="1.0" encoding="UTF-8"?>
<!-- Generated by org.testng.reporters.JUnitReportReporter -->
<testsuite hostname="aspire1628" name="com.ecom.testscripts.demo.CopyOfEcom_Demo" tests="2" failures="0" timestamp="22 Apr 2016 20:28:09 GMT" time="30.127" errors="0">
  <testcase name="tcEcomDemo01" time="11.959" classname="com.ecom.testscripts.demo.CopyOfEcom_Demo"/>
  <testcase name="tcEcomDemo01" time="18.168" classname="com.ecom.testscripts.demo.CopyOfEcom_Demo"/>
</testsuite> <!-- com.ecom.testscripts.demo.CopyOfEcom_Demo -->
