<?xml version="1.0" encoding="UTF-8"?>
<!-- Generated by org.testng.reporters.JUnitReportReporter -->
<testsuite hostname="aspire512" name="com.puma.testscripts.Fluid_PUMA_Demo" tests="4" failures="4" timestamp="25 May 2016 06:37:59 GMT" time="2176.936" errors="0">
  <testcase name="tcPUMADemo01" time="1346.223" classname="com.puma.testscripts.Fluid_PUMA_Demo">
    <failure type="org.openqa.selenium.UnhandledAlertException" message="Modal dialog present: Couldn&#039;t get list of applicable shipping methods.
Build info: version: &#039;2.53.0&#039;, revision: &#039;35ae25b&#039;, time: &#039;2016-03-15 17:00:58&#039;
System info: host: &#039;aspire512&#039;, ip: &#039;172.24.166.109&#039;, os.name: &#039;Windows 7&#039;, os.arch: &#039;amd64&#039;, os.version: &#039;6.1&#039;, java.version: &#039;1.8.0_45&#039;
Driver info: org.openqa.selenium.firefox.FirefoxDriver
Capabilities [{applicationCacheEnabled=true, rotatable=false, handlesAlerts=true, databaseEnabled=true, version=46.0.1, platform=WINDOWS, nativeEvents=false, acceptSslCerts=true, webStorageEnabled=true, locationContextEnabled=true, browserName=firefox, takesScreenshot=true, javascriptEnabled=true, cssSelectorsEnabled=true}]
Session ID: 69342485-1e13-4a16-811a-b8e45a2818fb: Couldn&#039;t get list of applicable shipping methods.
Build info: version: &#039;2.51.0&#039;, revision: &#039;1af067dbcaedd7d2ab9af5151fc471d363d97193&#039;, time: &#039;2016-02-05 11:20:57&#039;
System info: host: &#039;aspire512&#039;, ip: &#039;172.24.166.109&#039;, os.name: &#039;Windows 7&#039;, os.arch: &#039;amd64&#039;, os.version: &#039;6.1&#039;, java.version: &#039;1.8.0_45&#039;
Driver info: org.openqa.selenium.remote.RemoteWebDriver
Capabilities [{applicationCacheEnabled=true, rotatable=false, handlesAlerts=true, databaseEnabled=true, version=46.0.1, platform=WINDOWS, nativeEvents=false, acceptSslCerts=true, webdriver.remote.sessionid=37a8761c-2eab-4762-848a-2e653ac92d56, webStorageEnabled=true, locationContextEnabled=true, browserName=firefox, takesScreenshot=true, javascriptEnabled=true, cssSelectorsEnabled=true}]
Session ID: 37a8761c-2eab-4762-848a-2e653ac92d56">
      <![CDATA[org.openqa.selenium.UnhandledAlertException: Modal dialog present: Couldn't get list of applicable shipping methods.
Build info: version: '2.53.0', revision: '35ae25b', time: '2016-03-15 17:00:58'
System info: host: 'aspire512', ip: '172.24.166.109', os.name: 'Windows 7', os.arch: 'amd64', os.version: '6.1', java.version: '1.8.0_45'
Driver info: org.openqa.selenium.firefox.FirefoxDriver
Capabilities [{applicationCacheEnabled=true, rotatable=false, handlesAlerts=true, databaseEnabled=true, version=46.0.1, platform=WINDOWS, nativeEvents=false, acceptSslCerts=true, webStorageEnabled=true, locationContextEnabled=true, browserName=firefox, takesScreenshot=true, javascriptEnabled=true, cssSelectorsEnabled=true}]
Session ID: 69342485-1e13-4a16-811a-b8e45a2818fb: Couldn't get list of applicable shipping methods.
Build info: version: '2.51.0', revision: '1af067dbcaedd7d2ab9af5151fc471d363d97193', time: '2016-02-05 11:20:57'
System info: host: 'aspire512', ip: '172.24.166.109', os.name: 'Windows 7', os.arch: 'amd64', os.version: '6.1', java.version: '1.8.0_45'
Driver info: org.openqa.selenium.remote.RemoteWebDriver
Capabilities [{applicationCacheEnabled=true, rotatable=false, handlesAlerts=true, databaseEnabled=true, version=46.0.1, platform=WINDOWS, nativeEvents=false, acceptSslCerts=true, webdriver.remote.sessionid=37a8761c-2eab-4762-848a-2e653ac92d56, webStorageEnabled=true, locationContextEnabled=true, browserName=firefox, takesScreenshot=true, javascriptEnabled=true, cssSelectorsEnabled=true}]
Session ID: 37a8761c-2eab-4762-848a-2e653ac92d56
	at sun.reflect.NativeConstructorAccessorImpl.newInstance0(Native Method)
	at sun.reflect.NativeConstructorAccessorImpl.newInstance(Unknown Source)
	at sun.reflect.DelegatingConstructorAccessorImpl.newInstance(Unknown Source)
	at java.lang.reflect.Constructor.newInstance(Unknown Source)
	at org.openqa.selenium.remote.ErrorHandler.createThrowable(ErrorHandler.java:206)
	at org.openqa.selenium.remote.ErrorHandler.createUnhandledAlertException(ErrorHandler.java:187)
	at org.openqa.selenium.remote.ErrorHandler.throwIfResponseFailed(ErrorHandler.java:154)
	at org.openqa.selenium.remote.RemoteWebDriver.execute(RemoteWebDriver.java:678)
	at org.openqa.selenium.remote.RemoteWebDriver.execute(RemoteWebDriver.java:701)
	at org.openqa.selenium.remote.RemoteWebDriver.getScreenshotAs(RemoteWebDriver.java:335)
	at com.ecom.support.ScreenshotManager.takeScreenshot(ScreenshotManager.java:26)
	at com.ecom.support.Log.takeScreenShot(Log.java:130)
	at com.ecom.support.Log.exception(Log.java:673)
	at com.puma.testscripts.Fluid_PUMA_Demo.tcPUMADemo01(Fluid_PUMA_Demo.java:105)
	at sun.reflect.NativeMethodAccessorImpl.invoke0(Native Method)
	at sun.reflect.NativeMethodAccessorImpl.invoke(Unknown Source)
	at sun.reflect.DelegatingMethodAccessorImpl.invoke(Unknown Source)
	at java.lang.reflect.Method.invoke(Unknown Source)
	at org.testng.internal.MethodInvocationHelper.invokeMethod(MethodInvocationHelper.java:84)
	at org.testng.internal.Invoker.invokeMethod(Invoker.java:714)
	at org.testng.internal.Invoker.invokeTestMethod(Invoker.java:901)
	at org.testng.internal.TestMethodWithDataProviderMethodWorker.call(TestMethodWithDataProviderMethodWorker.java:73)
	at org.testng.internal.TestMethodWithDataProviderMethodWorker.call(TestMethodWithDataProviderMethodWorker.java:14)
	at java.util.concurrent.FutureTask.run(Unknown Source)
	at java.util.concurrent.Executors$RunnableAdapter.call(Unknown Source)
	at java.util.concurrent.FutureTask.run(Unknown Source)
	at java.util.concurrent.ThreadPoolExecutor.runWorker(Unknown Source)
	at java.util.concurrent.ThreadPoolExecutor$Worker.run(Unknown Source)
	at java.lang.Thread.run(Unknown Source)
]]>
    </failure>
  </testcase> <!-- tcPUMADemo01 -->
  <testcase name="tcPUMADemo01" time="0.002" classname="com.puma.testscripts.Fluid_PUMA_Demo">
    <failure type="org.openqa.selenium.WebDriverException" message="Unable to connect to host 127.0.0.1 on port 7055 after 45000 ms. Firefox console output:
&quot;,&quot;syncGUID&quot;:&quot;hFcumWHFp8AW&quot;,&quot;location&quot;:&quot;winreg-app-global&quot;,&quot;version&quot;:&quot;15.4.0&quot;,&quot;type&quot;:&quot;extension&quot;,&quot;internalName&quot;:null,&quot;updateURL&quot;:null,&quot;updateKey&quot;:null,&quot;optionsURL&quot;:null,&quot;optionsType&quot;:null,&quot;aboutURL&quot;:null,&quot;icons&quot;:{},&quot;iconURL&quot;:&quot;chrome://vscore/content/ScriptFF.gif&quot;,&quot;icon64URL&quot;:null,&quot;defaultLocale&quot;:{&quot;name&quot;:&quot;McAfee ScriptScan for Firefox&quot;,&quot;description&quot;:null,&quot;creator&quot;:&quot;McAfee, Inc.&quot;,&quot;homepageURL&quot;:null},&quot;visible&quot;:true,&quot;active&quot;:false,&quot;userDisabled&quot;:true,&quot;appDisabled&quot;:false,&quot;descriptor&quot;:&quot;C:\\Program Files (x86)\\Common Files\\McAfee\\SystemCore&quot;,&quot;installDate&quot;:1454475926594,&quot;updateDate&quot;:1454475926594,&quot;applyBackgroundUpdates&quot;:1,&quot;bootstrap&quot;:false,&quot;skinnable&quot;:false,&quot;size&quot;:3315136,&quot;sourceURI&quot;:null,&quot;releaseNotesURI&quot;:null,&quot;softDisabled&quot;:false,&quot;foreignInstall&quot;:true,&quot;hasBinaryComponents&quot;:false,&quot;strictCompatibility&quot;:false,&quot;locales&quot;:[],&quot;targetApplications&quot;:[{&quot;id&quot;:&quot;{ec8030f7-c20a-464f-9b0e-13a3a9e97384}&quot;,&quot;minVersion&quot;:&quot;1.5&quot;,&quot;maxVersion&quot;:&quot;9.9&quot;}],&quot;targetPlatforms&quot;:[],&quot;multiprocessCompatible&quot;:false,&quot;signedState&quot;:0,&quot;seen&quot;:true}
1464156846833	DeferredSave.extensions.json	DEBUG	Save changes
1464156846833	addons.xpi	DEBUG	Updating database with changes to installed add-ons
1464156846833	addons.xpi-utils	DEBUG	Updating add-on states
1464156846841	addons.xpi-utils	DEBUG	Writing add-ons list
1464156847091	addons.xpi	DEBUG	Registering manifest for C:\Program Files (x86)\Mozilla Firefox\browser\features\e10srollout@mozilla.org.xpi
1464156847094	addons.xpi	DEBUG	Calling bootstrap method startup on e10srollout@mozilla.org version 1.0
1464156847094	addons.xpi	DEBUG	Registering manifest for C:\Program Files (x86)\Mozilla Firefox\browser\features\firefox@getpocket.com.xpi
1464156847097	addons.xpi	DEBUG	Calling bootstrap method startup on firefox@getpocket.com version 1.0
1464156847100	addons.xpi	DEBUG	Registering manifest for C:\Program Files (x86)\Mozilla Firefox\browser\features\loop@mozilla.org.xpi
1464156847198	addons.xpi	DEBUG	Calling bootstrap method startup on loop@mozilla.org version 1.2.6
1464156847419	addons.xpi	DEBUG	Registering manifest for C:\Program Files (x86)\Mozilla Firefox\browser\extensions\{82AF8DCA-6DE9-405D-BD5E-43525BDAD38A}.xpi
1464156847421	addons.xpi	DEBUG	Calling bootstrap method startup on {82AF8DCA-6DE9-405D-BD5E-43525BDAD38A} version 8.0.0.9103
1464156848286	addons.manager	DEBUG	Registering shutdown blocker for XPIProvider
1464156848287	addons.manager	DEBUG	Provider finished startup: XPIProvider
1464156848287	addons.manager	DEBUG	Starting provider: LightweightThemeManager
1464156848287	addons.manager	DEBUG	Registering shutdown blocker for LightweightThemeManager
1464156848288	addons.manager	DEBUG	Provider finished startup: LightweightThemeManager
1464156848289	addons.manager	DEBUG	Starting provider: GMPProvider
1464156848446	addons.manager	DEBUG	Registering shutdown blocker for GMPProvider
1464156848447	addons.manager	DEBUG	Provider finished startup: GMPProvider
1464156848447	addons.manager	DEBUG	Starting provider: PluginProvider
1464156848447	addons.manager	DEBUG	Registering shutdown blocker for PluginProvider
1464156848448	addons.manager	DEBUG	Provider finished startup: PluginProvider
1464156848449	addons.manager	DEBUG	Completed startup sequence
Crash Annotation GraphicsCriticalError: |[0][GFX1]: D3D11 device creation failed: 0x887a0004 (t=44.5205)[GFX1]: D3D11 device creation failed: 0x887a0004
1464156863270	addons.manager	DEBUG	Starting provider: &lt;unnamed-provider&gt;
1464156863270	addons.manager	DEBUG	Registering shutdown blocker for &lt;unnamed-provider&gt;
1464156863271	addons.manager	DEBUG	Provider finished startup: &lt;unnamed-provider&gt;
1464156872990	DeferredSave.extensions.json	DEBUG	Write succeeded
1464156872990	addons.xpi-utils	DEBUG	XPI Database saved, setting schema version preference to 17
1464156872991	DeferredSave.extensions.json	DEBUG	Starting timer
1464156873018	DeferredSave.extensions.json	DEBUG	Starting write
1464156873207	addons.repository	DEBUG	No addons.json found.
1464156873210	DeferredSave.addons.json	DEBUG	Save changes
1464156873242	DeferredSave.addons.json	DEBUG	Starting timer

Command duration or timeout: 72.10 seconds
Build info: version: &#039;2.51.0&#039;, revision: &#039;1af067dbcaedd7d2ab9af5151fc471d363d97193&#039;, time: &#039;2016-02-05 11:20:57&#039;
System info: host: &#039;aspire512&#039;, ip: &#039;172.24.166.109&#039;, os.name: &#039;Windows 7&#039;, os.arch: &#039;amd64&#039;, os.version: &#039;6.1&#039;, java.version: &#039;1.8.0_45&#039;
Driver info: org.openqa.selenium.remote.RemoteWebDriver">
      <![CDATA[org.openqa.selenium.WebDriverException: Unable to connect to host 127.0.0.1 on port 7055 after 45000 ms. Firefox console output:
","syncGUID":"hFcumWHFp8AW","location":"winreg-app-global","version":"15.4.0","type":"extension","internalName":null,"updateURL":null,"updateKey":null,"optionsURL":null,"optionsType":null,"aboutURL":null,"icons":{},"iconURL":"chrome://vscore/content/ScriptFF.gif","icon64URL":null,"defaultLocale":{"name":"McAfee ScriptScan for Firefox","description":null,"creator":"McAfee, Inc.","homepageURL":null},"visible":true,"active":false,"userDisabled":true,"appDisabled":false,"descriptor":"C:\\Program Files (x86)\\Common Files\\McAfee\\SystemCore","installDate":1454475926594,"updateDate":1454475926594,"applyBackgroundUpdates":1,"bootstrap":false,"skinnable":false,"size":3315136,"sourceURI":null,"releaseNotesURI":null,"softDisabled":false,"foreignInstall":true,"hasBinaryComponents":false,"strictCompatibility":false,"locales":[],"targetApplications":[{"id":"{ec8030f7-c20a-464f-9b0e-13a3a9e97384}","minVersion":"1.5","maxVersion":"9.9"}],"targetPlatforms":[],"multiprocessCompatible":false,"signedState":0,"seen":true}
1464156846833	DeferredSave.extensions.json	DEBUG	Save changes
1464156846833	addons.xpi	DEBUG	Updating database with changes to installed add-ons
1464156846833	addons.xpi-utils	DEBUG	Updating add-on states
1464156846841	addons.xpi-utils	DEBUG	Writing add-ons list
1464156847091	addons.xpi	DEBUG	Registering manifest for C:\Program Files (x86)\Mozilla Firefox\browser\features\e10srollout@mozilla.org.xpi
1464156847094	addons.xpi	DEBUG	Calling bootstrap method startup on e10srollout@mozilla.org version 1.0
1464156847094	addons.xpi	DEBUG	Registering manifest for C:\Program Files (x86)\Mozilla Firefox\browser\features\firefox@getpocket.com.xpi
1464156847097	addons.xpi	DEBUG	Calling bootstrap method startup on firefox@getpocket.com version 1.0
1464156847100	addons.xpi	DEBUG	Registering manifest for C:\Program Files (x86)\Mozilla Firefox\browser\features\loop@mozilla.org.xpi
1464156847198	addons.xpi	DEBUG	Calling bootstrap method startup on loop@mozilla.org version 1.2.6
1464156847419	addons.xpi	DEBUG	Registering manifest for C:\Program Files (x86)\Mozilla Firefox\browser\extensions\{82AF8DCA-6DE9-405D-BD5E-43525BDAD38A}.xpi
1464156847421	addons.xpi	DEBUG	Calling bootstrap method startup on {82AF8DCA-6DE9-405D-BD5E-43525BDAD38A} version 8.0.0.9103
1464156848286	addons.manager	DEBUG	Registering shutdown blocker for XPIProvider
1464156848287	addons.manager	DEBUG	Provider finished startup: XPIProvider
1464156848287	addons.manager	DEBUG	Starting provider: LightweightThemeManager
1464156848287	addons.manager	DEBUG	Registering shutdown blocker for LightweightThemeManager
1464156848288	addons.manager	DEBUG	Provider finished startup: LightweightThemeManager
1464156848289	addons.manager	DEBUG	Starting provider: GMPProvider
1464156848446	addons.manager	DEBUG	Registering shutdown blocker for GMPProvider
1464156848447	addons.manager	DEBUG	Provider finished startup: GMPProvider
1464156848447	addons.manager	DEBUG	Starting provider: PluginProvider
1464156848447	addons.manager	DEBUG	Registering shutdown blocker for PluginProvider
1464156848448	addons.manager	DEBUG	Provider finished startup: PluginProvider
1464156848449	addons.manager	DEBUG	Completed startup sequence
Crash Annotation GraphicsCriticalError: |[0][GFX1]: D3D11 device creation failed: 0x887a0004 (t=44.5205)[GFX1]: D3D11 device creation failed: 0x887a0004
1464156863270	addons.manager	DEBUG	Starting provider: <unnamed-provider>
1464156863270	addons.manager	DEBUG	Registering shutdown blocker for <unnamed-provider>
1464156863271	addons.manager	DEBUG	Provider finished startup: <unnamed-provider>
1464156872990	DeferredSave.extensions.json	DEBUG	Write succeeded
1464156872990	addons.xpi-utils	DEBUG	XPI Database saved, setting schema version preference to 17
1464156872991	DeferredSave.extensions.json	DEBUG	Starting timer
1464156873018	DeferredSave.extensions.json	DEBUG	Starting write
1464156873207	addons.repository	DEBUG	No addons.json found.
1464156873210	DeferredSave.addons.json	DEBUG	Save changes
1464156873242	DeferredSave.addons.json	DEBUG	Starting timer

Command duration or timeout: 72.10 seconds
Build info: version: '2.51.0', revision: '1af067dbcaedd7d2ab9af5151fc471d363d97193', time: '2016-02-05 11:20:57'
System info: host: 'aspire512', ip: '172.24.166.109', os.name: 'Windows 7', os.arch: 'amd64', os.version: '6.1', java.version: '1.8.0_45'
Driver info: org.openqa.selenium.remote.RemoteWebDriver
	at sun.reflect.NativeConstructorAccessorImpl.newInstance0(Native Method)
	at sun.reflect.NativeConstructorAccessorImpl.newInstance(Unknown Source)
	at sun.reflect.DelegatingConstructorAccessorImpl.newInstance(Unknown Source)
	at java.lang.reflect.Constructor.newInstance(Unknown Source)
	at org.openqa.selenium.remote.ErrorHandler.createThrowable(ErrorHandler.java:206)
	at org.openqa.selenium.remote.ErrorHandler.throwIfResponseFailed(ErrorHandler.java:158)
	at org.openqa.selenium.remote.RemoteWebDriver.execute(RemoteWebDriver.java:678)
	at org.openqa.selenium.remote.RemoteWebDriver.startSession(RemoteWebDriver.java:249)
	at org.openqa.selenium.remote.RemoteWebDriver.<init>(RemoteWebDriver.java:131)
	at org.openqa.selenium.remote.RemoteWebDriver.<init>(RemoteWebDriver.java:158)
	at com.ecom.support.WebDriverFactory.get(WebDriverFactory.java:263)
	at com.puma.testscripts.Fluid_PUMA_Demo.tcPUMADemo01(Fluid_PUMA_Demo.java:32)
	at sun.reflect.NativeMethodAccessorImpl.invoke0(Native Method)
	at sun.reflect.NativeMethodAccessorImpl.invoke(Unknown Source)
	at sun.reflect.DelegatingMethodAccessorImpl.invoke(Unknown Source)
	at java.lang.reflect.Method.invoke(Unknown Source)
	at org.testng.internal.MethodInvocationHelper.invokeMethod(MethodInvocationHelper.java:84)
	at org.testng.internal.Invoker.invokeMethod(Invoker.java:714)
	at org.testng.internal.Invoker.invokeTestMethod(Invoker.java:901)
	at org.testng.internal.TestMethodWithDataProviderMethodWorker.call(TestMethodWithDataProviderMethodWorker.java:73)
	at org.testng.internal.TestMethodWithDataProviderMethodWorker.call(TestMethodWithDataProviderMethodWorker.java:14)
	at java.util.concurrent.FutureTask.run(Unknown Source)
	at java.util.concurrent.Executors$RunnableAdapter.call(Unknown Source)
	at java.util.concurrent.FutureTask.run(Unknown Source)
	at java.util.concurrent.ThreadPoolExecutor.runWorker(Unknown Source)
	at java.util.concurrent.ThreadPoolExecutor$Worker.run(Unknown Source)
	at java.lang.Thread.run(Unknown Source)
Caused by: org.openqa.selenium.remote.ErrorHandler$UnknownServerException: Unable to connect to host 127.0.0.1 on port 7055 after 45000 ms. Firefox console output:
","syncGUID":"hFcumWHFp8AW","location":"winreg-app-global","version":"15.4.0","type":"extension","internalName":null,"updateURL":null,"updateKey":null,"optionsURL":null,"optionsType":null,"aboutURL":null,"icons":{},"iconURL":"chrome://vscore/content/ScriptFF.gif","icon64URL":null,"defaultLocale":{"name":"McAfee ScriptScan for Firefox","description":null,"creator":"McAfee, Inc.","homepageURL":null},"visible":true,"active":false,"userDisabled":true,"appDisabled":false,"descriptor":"C:\\Program Files (x86)\\Common Files\\McAfee\\SystemCore","installDate":1454475926594,"updateDate":1454475926594,"applyBackgroundUpdates":1,"bootstrap":false,"skinnable":false,"size":3315136,"sourceURI":null,"releaseNotesURI":null,"softDisabled":false,"foreignInstall":true,"hasBinaryComponents":false,"strictCompatibility":false,"locales":[],"targetApplications":[{"id":"{ec8030f7-c20a-464f-9b0e-13a3a9e97384}","minVersion":"1.5","maxVersion":"9.9"}],"targetPlatforms":[],"multiprocessCompatible":false,"signedState":0,"seen":true}
1464156846833	DeferredSave.extensions.json	DEBUG	Save changes
1464156846833	addons.xpi	DEBUG	Updating database with changes to installed add-ons
1464156846833	addons.xpi-utils	DEBUG	Updating add-on states
1464156846841	addons.xpi-utils	DEBUG	Writing add-ons list
1464156847091	addons.xpi	DEBUG	Registering manifest for C:\Program Files (x86)\Mozilla Firefox\browser\features\e10srollout@mozilla.org.xpi
1464156847094	addons.xpi	DEBUG	Calling bootstrap method startup on e10srollout@mozilla.org version 1.0
1464156847094	addons.xpi	DEBUG	Registering manifest for C:\Program Files (x86)\Mozilla Firefox\browser\features\firefox@getpocket.com.xpi
1464156847097	addons.xpi	DEBUG	Calling bootstrap method startup on firefox@getpocket.com version 1.0
1464156847100	addons.xpi	DEBUG	Registering manifest for C:\Program Files (x86)\Mozilla Firefox\browser\features\loop@mozilla.org.xpi
1464156847198	addons.xpi	DEBUG	Calling bootstrap method startup on loop@mozilla.org version 1.2.6
1464156847419	addons.xpi	DEBUG	Registering manifest for C:\Program Files (x86)\Mozilla Firefox\browser\extensions\{82AF8DCA-6DE9-405D-BD5E-43525BDAD38A}.xpi
1464156847421	addons.xpi	DEBUG	Calling bootstrap method startup on {82AF8DCA-6DE9-405D-BD5E-43525BDAD38A} version 8.0.0.9103
1464156848286	addons.manager	DEBUG	Registering shutdown blocker for XPIProvider
1464156848287	addons.manager	DEBUG	Provider finished startup: XPIProvider
1464156848287	addons.manager	DEBUG	Starting provider: LightweightThemeManager
1464156848287	addons.manager	DEBUG	Registering shutdown blocker for LightweightThemeManager
1464156848288	addons.manager	DEBUG	Provider finished startup: LightweightThemeManager
1464156848289	addons.manager	DEBUG	Starting provider: GMPProvider
1464156848446	addons.manager	DEBUG	Registering shutdown blocker for GMPProvider
1464156848447	addons.manager	DEBUG	Provider finished startup: GMPProvider
1464156848447	addons.manager	DEBUG	Starting provider: PluginProvider
1464156848447	addons.manager	DEBUG	Registering shutdown blocker for PluginProvider
1464156848448	addons.manager	DEBUG	Provider finished startup: PluginProvider
1464156848449	addons.manager	DEBUG	Completed startup sequence
Crash Annotation GraphicsCriticalError: |[0][GFX1]: D3D11 device creation failed: 0x887a0004 (t=44.5205)[GFX1]: D3D11 device creation failed: 0x887a0004
1464156863270	addons.manager	DEBUG	Starting provider: <unnamed-provider>
1464156863270	addons.manager	DEBUG	Registering shutdown blocker for <unnamed-provider>
1464156863271	addons.manager	DEBUG	Provider finished startup: <unnamed-provider>
1464156872990	DeferredSave.extensions.json	DEBUG	Write succeeded
1464156872990	addons.xpi-utils	DEBUG	XPI Database saved, setting schema version preference to 17
1464156872991	DeferredSave.extensions.json	DEBUG	Starting timer
1464156873018	DeferredSave.extensions.json	DEBUG	Starting write
1464156873207	addons.repository	DEBUG	No addons.json found.
1464156873210	DeferredSave.addons.json	DEBUG	Save changes
1464156873242	DeferredSave.addons.json	DEBUG	Starting timer

Build info: version: '2.51.0', revision: '1af067dbcaedd7d2ab9af5151fc471d363d97193', time: '2016-02-05 11:20:57'
System info: host: 'aspire512', ip: '172.24.166.109', os.name: 'Windows 7', os.arch: 'amd64', os.version: '6.1', java.version: '1.8.0_45'
Driver info: driver.version: FirefoxDriver
	at org.openqa.selenium.firefox.internal.NewProfileExtensionConnection.start(NewProfileExtensionConnection.java:112)
	at org.openqa.selenium.firefox.FirefoxDriver.startClient(FirefoxDriver.java:271)
	at org.openqa.selenium.remote.RemoteWebDriver.<init>(RemoteWebDriver.java:119)
	at org.openqa.selenium.firefox.FirefoxDriver.<init>(FirefoxDriver.java:218)
	at org.openqa.selenium.firefox.FirefoxDriver.<init>(FirefoxDriver.java:211)
	at org.openqa.selenium.firefox.FirefoxDriver.<init>(FirefoxDriver.java:129)
	at sun.reflect.NativeConstructorAccessorImpl.newInstance0(Native Method)
	at sun.reflect.NativeConstructorAccessorImpl.newInstance(Unknown Source)
	at sun.reflect.DelegatingConstructorAccessorImpl.newInstance(Unknown Source)
	at java.lang.reflect.Constructor.newInstance(Unknown Source)
	at org.openqa.selenium.remote.server.FirefoxDriverProvider.callConstructor(FirefoxDriverProvider.java:91)
	at org.openqa.selenium.remote.server.FirefoxDriverProvider.newInstance(FirefoxDriverProvider.java:68)
	at org.openqa.selenium.remote.server.DefaultDriverFactory.newInstance(DefaultDriverFactory.java:60)
	at org.openqa.selenium.remote.server.DefaultSession$BrowserCreator.call(DefaultSession.java:222)
	at org.openqa.selenium.remote.server.DefaultSession$BrowserCreator.call(DefaultSession.java:1)
	at java.util.concurrent.FutureTask.run(Unknown Source)
	at org.openqa.selenium.remote.server.DefaultSession$1.run(DefaultSession.java:176)
	... 3 more
]]>
    </failure>
  </testcase> <!-- tcPUMADemo01 -->
  <testcase name="tcPUMADemo01" time="410.835" classname="com.puma.testscripts.Fluid_PUMA_Demo">
    <failure type="org.testng.SkipException" message="Paymet Page not found in page!!">
      <![CDATA[org.testng.SkipException: Paymet Page not found in page!!
	at com.ecom.support.BrowserActions.getText(BrowserActions.java:174)
	at com.ecom.pages.CheckoutPage.doPayment(CheckoutPage.java:305)
	at com.puma.testscripts.Fluid_PUMA_Demo.tcPUMADemo01(Fluid_PUMA_Demo.java:93)
	at sun.reflect.NativeMethodAccessorImpl.invoke0(Native Method)
	at sun.reflect.NativeMethodAccessorImpl.invoke(Unknown Source)
	at sun.reflect.DelegatingMethodAccessorImpl.invoke(Unknown Source)
	at java.lang.reflect.Method.invoke(Unknown Source)
	at org.testng.internal.MethodInvocationHelper.invokeMethod(MethodInvocationHelper.java:84)
	at org.testng.internal.Invoker.invokeMethod(Invoker.java:714)
	at org.testng.internal.Invoker.invokeTestMethod(Invoker.java:901)
	at org.testng.internal.TestMethodWithDataProviderMethodWorker.call(TestMethodWithDataProviderMethodWorker.java:73)
	at org.testng.internal.TestMethodWithDataProviderMethodWorker.call(TestMethodWithDataProviderMethodWorker.java:14)
	at java.util.concurrent.FutureTask.run(Unknown Source)
	at java.util.concurrent.Executors$RunnableAdapter.call(Unknown Source)
	at java.util.concurrent.FutureTask.run(Unknown Source)
	at java.util.concurrent.ThreadPoolExecutor.runWorker(Unknown Source)
	at java.util.concurrent.ThreadPoolExecutor$Worker.run(Unknown Source)
	at java.lang.Thread.run(Unknown Source)
]]>
    </failure>
  </testcase> <!-- tcPUMADemo01 -->
  <testcase name="tcPUMADemo01" time="419.876" classname="com.puma.testscripts.Fluid_PUMA_Demo">
    <failure type="org.testng.SkipException" message="Paymet Page not found in page!!">
      <![CDATA[org.testng.SkipException: Paymet Page not found in page!!
	at com.ecom.support.BrowserActions.getText(BrowserActions.java:174)
	at com.ecom.pages.CheckoutPage.doPayment(CheckoutPage.java:305)
	at com.puma.testscripts.Fluid_PUMA_Demo.tcPUMADemo01(Fluid_PUMA_Demo.java:93)
	at sun.reflect.NativeMethodAccessorImpl.invoke0(Native Method)
	at sun.reflect.NativeMethodAccessorImpl.invoke(Unknown Source)
	at sun.reflect.DelegatingMethodAccessorImpl.invoke(Unknown Source)
	at java.lang.reflect.Method.invoke(Unknown Source)
	at org.testng.internal.MethodInvocationHelper.invokeMethod(MethodInvocationHelper.java:84)
	at org.testng.internal.Invoker.invokeMethod(Invoker.java:714)
	at org.testng.internal.Invoker.invokeTestMethod(Invoker.java:901)
	at org.testng.internal.TestMethodWithDataProviderMethodWorker.call(TestMethodWithDataProviderMethodWorker.java:73)
	at org.testng.internal.TestMethodWithDataProviderMethodWorker.call(TestMethodWithDataProviderMethodWorker.java:14)
	at java.util.concurrent.FutureTask.run(Unknown Source)
	at java.util.concurrent.Executors$RunnableAdapter.call(Unknown Source)
	at java.util.concurrent.FutureTask.run(Unknown Source)
	at java.util.concurrent.ThreadPoolExecutor.runWorker(Unknown Source)
	at java.util.concurrent.ThreadPoolExecutor$Worker.run(Unknown Source)
	at java.lang.Thread.run(Unknown Source)
]]>
    </failure>
  </testcase> <!-- tcPUMADemo01 -->
</testsuite> <!-- com.puma.testscripts.Fluid_PUMA_Demo -->
