<?xml version="1.0" encoding="UTF-8"?>
<!-- Generated by org.testng.reporters.JUnitReportReporter -->
<testsuite hostname="aspire512" name="com.SECFramework.testscripts.SearsSmokeTC" tests="1" failures="0" timestamp="21 Jul 2016 12:47:21 GMT" time="104.066" errors="0">
  <testcase name="tcAccountCreation" time="104.066" classname="com.SECFramework.testscripts.SearsSmokeTC"/>
</testsuite> <!-- com.SECFramework.testscripts.SearsSmokeTC -->
