<?xml version="1.0" encoding="UTF-8"?>
<!-- Generated by org.testng.reporters.JUnitReportReporter -->
<testsuite hostname="aspire1628" name="com.puma.testscripts.TFluid_PUMA_Demo" tests="4" failures="0" timestamp="2 May 2016 13:18:30 GMT" time="123.679" errors="0">
  <testcase name="tcPUMADemo01" time="40.858" classname="com.puma.testscripts.TFluid_PUMA_Demo"/>
  <testcase name="tcPUMADemo01" time="19.127" classname="com.puma.testscripts.TFluid_PUMA_Demo"/>
  <testcase name="tcPUMADemo01" time="42.370" classname="com.puma.testscripts.TFluid_PUMA_Demo"/>
  <testcase name="tcPUMADemo01" time="21.324" classname="com.puma.testscripts.TFluid_PUMA_Demo"/>
</testsuite> <!-- com.puma.testscripts.TFluid_PUMA_Demo -->
