<?xml version="1.0" encoding="UTF-8"?>
<!-- Generated by org.testng.reporters.JUnitReportReporter -->
<testsuite hostname="ASPIRE791" name="com.ssp.testscripts.demo.uirefresh.SecurityTest_SSP_UI_Refresh_PoC" tests="1" failures="0" timestamp="23 Mar 2016 13:04:14 GMT" time="38.792" errors="0">
  <testcase name="tcSSPPoCTest001" time="38.792" classname="com.ssp.testscripts.demo.uirefresh.SecurityTest_SSP_UI_Refresh_PoC"/>
</testsuite> <!-- com.ssp.testscripts.demo.uirefresh.SecurityTest_SSP_UI_Refresh_PoC -->
