<?xml version="1.0" encoding="UTF-8"?>
<!-- Generated by org.testng.reporters.JUnitReportReporter -->
<testsuite hostname="ASPIRE791" name="com.ssp.testscripts.demo.SecurityTestSSP_PoC" tests="1" failures="0" timestamp="7 Mar 2016 06:21:36 GMT" time="208.389" errors="0">
  <testcase name="tcSSPPoCTest001" time="208.389" classname="com.ssp.testscripts.demo.SecurityTestSSP_PoC"/>
</testsuite> <!-- com.ssp.testscripts.demo.SecurityTestSSP_PoC -->
