<?xml version="1.0" encoding="UTF-8"?>
<!-- Generated by org.testng.reporters.JUnitReportReporter -->
<testsuite hostname="aspire512" name="com.SECFramework.testscripts.Order_Details" tests="1" failures="0" timestamp="31 May 2016 14:10:09 GMT" time="72.641" errors="0">
  <testcase name="tcToContactPage" time="72.641" classname="com.SECFramework.testscripts.Order_Details"/>
</testsuite> <!-- com.SECFramework.testscripts.Order_Details -->
