<?xml version="1.0" encoding="UTF-8"?>
<!-- Generated by org.testng.reporters.JUnitReportReporter -->
<testsuite hostname="aspire1628" name="com.ecom.testscripts.demo.Ecom_Demo" tests="4" failures="0" timestamp="22 Apr 2016 09:43:45 GMT" time="33.210" errors="0">
  <testcase name="test001" time="0.000" classname="com.ecom.testscripts.demo.Ecom_Demo"/>
  <testcase name="tcEcomDemo01" time="13.757" classname="com.ecom.testscripts.demo.Ecom_Demo"/>
  <testcase name="tcEcomDemo01" time="19.437" classname="com.ecom.testscripts.demo.Ecom_Demo"/>
  <testcase name="test002" time="0.016" classname="com.ecom.testscripts.demo.Ecom_Demo"/>
</testsuite> <!-- com.ecom.testscripts.demo.Ecom_Demo -->
