<?xml version="1.0" encoding="UTF-8"?>
<!-- Generated by org.testng.reporters.JUnitReportReporter -->
<testsuite hostname="ASPIRE791" name="com.ssp.testscripts.demo.uirefresh.SSP_UI_Refresh_PoC" tests="3" failures="0" timestamp="30 Mar 2016 05:04:56 GMT" time="150.435" errors="0">
  <testcase name="tcSSPPoCTest003" time="52.938" classname="com.ssp.testscripts.demo.uirefresh.SSP_UI_Refresh_PoC"/>
  <testcase name="tcSSPPoCTest002" time="53.751" classname="com.ssp.testscripts.demo.uirefresh.SSP_UI_Refresh_PoC"/>
  <testcase name="tcSSPPoCTest001" time="43.746" classname="com.ssp.testscripts.demo.uirefresh.SSP_UI_Refresh_PoC"/>
</testsuite> <!-- com.ssp.testscripts.demo.uirefresh.SSP_UI_Refresh_PoC -->
