<?xml version="1.0" encoding="UTF-8"?>
<!-- Generated by org.testng.reporters.JUnitReportReporter -->
<testsuite hostname="aspire512" name="com.SECFramework.testscripts.Fluid_PUMA_Demo" tests="1" failures="0" timestamp="2 Jun 2016 11:18:03 GMT" time="240.662" errors="0">
  <testcase name="tcPUMADemo01" time="240.662" classname="com.SECFramework.testscripts.Fluid_PUMA_Demo"/>
</testsuite> <!-- com.SECFramework.testscripts.Fluid_PUMA_Demo -->
