<?xml version="1.0" encoding="UTF-8"?>
<!-- Generated by org.testng.reporters.JUnitReportReporter -->
<testsuite hostname="aspire512" name="com.SECFramework.testscripts.SearsSmokeTC" tests="1" failures="0" timestamp="18 Aug 2016 09:08:22 GMT" time="175.830" errors="0">
  <testcase name="tcAccountCreation" time="175.830" classname="com.SECFramework.testscripts.SearsSmokeTC"/>
</testsuite> <!-- com.SECFramework.testscripts.SearsSmokeTC -->
