<?xml version="1.0" encoding="UTF-8"?>
<!-- Generated by org.testng.reporters.JUnitReportReporter -->
<testsuite hostname="aspire1628" name="com.puma.testscripts.FFluid_PUMA_Demo" tests="4" failures="0" timestamp="2 May 2016 13:18:30 GMT" time="130.108" errors="0">
  <testcase name="tcPUMADemo01" time="39.628" classname="com.puma.testscripts.FFluid_PUMA_Demo"/>
  <testcase name="tcPUMADemo01" time="40.460" classname="com.puma.testscripts.FFluid_PUMA_Demo"/>
  <testcase name="tcPUMADemo01" time="19.062" classname="com.puma.testscripts.FFluid_PUMA_Demo"/>
  <testcase name="tcPUMADemo01" time="30.958" classname="com.puma.testscripts.FFluid_PUMA_Demo"/>
</testsuite> <!-- com.puma.testscripts.FFluid_PUMA_Demo -->
