<?xml version="1.0" encoding="UTF-8"?>
<!-- Generated by org.testng.reporters.JUnitReportReporter -->
<testsuite hostname="ASPIRE791" name="com.ecom.testscripts.demo.Ecom_Demo" tests="1" failures="0" timestamp="31 Mar 2016 10:39:28 GMT" time="16.172" errors="0">
  <testcase name="tcEcomDemo01" time="16.172" classname="com.ecom.testscripts.demo.Ecom_Demo"/>
</testsuite> <!-- com.ecom.testscripts.demo.Ecom_Demo -->
